  Compiling CUDA source file kernel.cu...
  
  C:\Users\chris\source\repos\MP2_Masloub>"C:\Users\chris\OneDrive\Documents\bin\nvcc.exe" -gencode=arch=compute_30,code=\"sm_30,compute_30\" --use-local-env -ccbin "C:\Program Files (x86)\Microsoft Visual Studio\2019\Enterprise\VC\Tools\MSVC\14.25.28610\bin\HostX86\x64" -x cu  -IC:\Users\chris\OneDrive\Documents\include -IC:\Users\chris\OneDrive\Documents\include  -G   --keep-dir x64\Debug -maxrregcount=0  --machine 64 --compile -cudart static  -g   -DWIN32 -DWIN64 -D_DEBUG -D_CONSOLE -D_MBCS -Xcompiler "/EHsc /W3 /nologo /Od /Fdx64\Debug\vc142.pdb /FS /Zi /RTC1 /MDd " -o x64\Debug\kernel.cu.obj "C:\Users\chris\source\repos\MP2_Masloub\kernel.cu" 
  kernel.cu
C:/Users/chris/source/repos/MP2_Masloub/kernel.cu(125): warning C4477: 'printf' : format string '%d' requires an argument of type 'int', but variadic argument 1 has type '_Rep'
          with
          [
              _Rep=__int64
          ]
  C:/Users/chris/source/repos/MP2_Masloub/kernel.cu(125): note: consider using '%lld' in the format string
  C:/Users/chris/source/repos/MP2_Masloub/kernel.cu(125): note: consider using '%Id' in the format string
  C:/Users/chris/source/repos/MP2_Masloub/kernel.cu(125): note: consider using '%I64d' in the format string
C:/Users/chris/source/repos/MP2_Masloub/kernel.cu(150): warning C4477: 'printf' : format string '%d' requires an argument of type 'int', but variadic argument 1 has type '_Rep'
          with
          [
              _Rep=__int64
          ]
  C:/Users/chris/source/repos/MP2_Masloub/kernel.cu(150): note: consider using '%lld' in the format string
  C:/Users/chris/source/repos/MP2_Masloub/kernel.cu(150): note: consider using '%Id' in the format string
  C:/Users/chris/source/repos/MP2_Masloub/kernel.cu(150): note: consider using '%I64d' in the format string
C:/Users/chris/source/repos/MP2_Masloub/kernel.cu(164): warning C4477: 'printf' : format string '%d' requires an argument of type 'int', but variadic argument 1 has type '_Rep'
          with
          [
              _Rep=__int64
          ]
  C:/Users/chris/source/repos/MP2_Masloub/kernel.cu(164): note: consider using '%lld' in the format string
  C:/Users/chris/source/repos/MP2_Masloub/kernel.cu(164): note: consider using '%Id' in the format string
  C:/Users/chris/source/repos/MP2_Masloub/kernel.cu(164): note: consider using '%I64d' in the format string
C:/Users/chris/source/repos/MP2_Masloub/kernel.cu(179): warning C4477: 'printf' : format string '%d' requires an argument of type 'int', but variadic argument 1 has type '_Rep'
          with
          [
              _Rep=__int64
          ]
  C:/Users/chris/source/repos/MP2_Masloub/kernel.cu(179): note: consider using '%lld' in the format string
  C:/Users/chris/source/repos/MP2_Masloub/kernel.cu(179): note: consider using '%Id' in the format string
  C:/Users/chris/source/repos/MP2_Masloub/kernel.cu(179): note: consider using '%I64d' in the format string
  MP2_Masloub.vcxproj -> C:\Users\chris\source\repos\MP2_Masloub\x64\Debug\MP2_Masloub.exe
